  [1m[36m (1.0ms)[0m  [1mCREATE TABLE "schema_migrations" ("version" varchar(255) NOT NULL) [0m
  [1m[35m (0.1ms)[0m  select sqlite_version(*)
  [1m[36m (0.8ms)[0m  [1mCREATE UNIQUE INDEX "unique_schema_migrations" ON "schema_migrations" ("version")[0m
  [1m[35mActiveRecord::SchemaMigration Load (0.1ms)[0m  SELECT "schema_migrations".* FROM "schema_migrations"
Migrating to CreateListings (20140612203129)
  [1m[36m (0.0ms)[0m  [1mbegin transaction[0m
  [1m[35m (0.3ms)[0m  CREATE TABLE "listings" ("id" INTEGER PRIMARY KEY AUTOINCREMENT NOT NULL, "name" varchar(255), "description" text, "price" decimal, "created_at" datetime, "updated_at" datetime) 
  [1m[36mSQL (0.2ms)[0m  [1mINSERT INTO "schema_migrations" ("version") VALUES (?)[0m  [["version", "20140612203129"]]
  [1m[35m (0.6ms)[0m  commit transaction
Migrating to AddImagesToListing (20140612213019)
  [1m[36m (0.1ms)[0m  [1mbegin transaction[0m
  [1m[35m (0.3ms)[0m  ALTER TABLE "listings" ADD "image_file_name" varchar(255)
  [1m[36m (0.1ms)[0m  [1mALTER TABLE "listings" ADD "image_content_type" varchar(255)[0m
  [1m[35m (0.1ms)[0m  ALTER TABLE "listings" ADD "image_file_size" integer
  [1m[36m (0.1ms)[0m  [1mALTER TABLE "listings" ADD "image_updated_at" datetime[0m
  [1m[35mSQL (0.1ms)[0m  INSERT INTO "schema_migrations" ("version") VALUES (?)  [["version", "20140612213019"]]
  [1m[36m (0.7ms)[0m  [1mcommit transaction[0m
Migrating to DeviseCreateUsers (20140613043352)
  [1m[35m (0.0ms)[0m  begin transaction
  [1m[36m (0.3ms)[0m  [1mCREATE TABLE "users" ("id" INTEGER PRIMARY KEY AUTOINCREMENT NOT NULL, "email" varchar(255) DEFAULT '' NOT NULL, "encrypted_password" varchar(255) DEFAULT '' NOT NULL, "reset_password_token" varchar(255), "reset_password_sent_at" datetime, "remember_created_at" datetime, "sign_in_count" integer DEFAULT 0 NOT NULL, "current_sign_in_at" datetime, "last_sign_in_at" datetime, "current_sign_in_ip" varchar(255), "last_sign_in_ip" varchar(255), "created_at" datetime, "updated_at" datetime) [0m
  [1m[35m (0.7ms)[0m  CREATE UNIQUE INDEX "index_users_on_email" ON "users" ("email")
  [1m[36m (0.1ms)[0m  [1m            SELECT sql
            FROM sqlite_master
            WHERE name='index_users_on_email' AND type='index'
            UNION ALL
            SELECT sql
            FROM sqlite_temp_master
            WHERE name='index_users_on_email' AND type='index'
[0m
  [1m[35m (0.1ms)[0m  CREATE UNIQUE INDEX "index_users_on_reset_password_token" ON "users" ("reset_password_token")
  [1m[36mSQL (0.1ms)[0m  [1mINSERT INTO "schema_migrations" ("version") VALUES (?)[0m  [["version", "20140613043352"]]
  [1m[35m (0.7ms)[0m  commit transaction
Migrating to AddNameToUsers (20140616093843)
  [1m[36m (0.0ms)[0m  [1mbegin transaction[0m
  [1m[35m (0.3ms)[0m  ALTER TABLE "users" ADD "name" varchar(255)
  [1m[36mSQL (0.1ms)[0m  [1mINSERT INTO "schema_migrations" ("version") VALUES (?)[0m  [["version", "20140616093843"]]
  [1m[35m (0.7ms)[0m  commit transaction
Migrating to AddUserIdToListing (20140616212750)
  [1m[36m (0.0ms)[0m  [1mbegin transaction[0m
  [1m[35m (0.3ms)[0m  ALTER TABLE "listings" ADD "user_id" integer
  [1m[36mSQL (0.1ms)[0m  [1mINSERT INTO "schema_migrations" ("version") VALUES (?)[0m  [["version", "20140616212750"]]
  [1m[35m (0.6ms)[0m  commit transaction
Migrating to CreateOrders (20140617021216)
  [1m[36m (0.0ms)[0m  [1mbegin transaction[0m
  [1m[35m (0.3ms)[0m  CREATE TABLE "orders" ("id" INTEGER PRIMARY KEY AUTOINCREMENT NOT NULL, "address" varchar(255), "city" varchar(255), "state" varchar(255), "created_at" datetime, "updated_at" datetime) 
  [1m[36mSQL (0.1ms)[0m  [1mINSERT INTO "schema_migrations" ("version") VALUES (?)[0m  [["version", "20140617021216"]]
  [1m[35m (0.7ms)[0m  commit transaction
Migrating to AddListingIdToOrders (20140617021609)
  [1m[36m (0.0ms)[0m  [1mbegin transaction[0m
  [1m[35m (0.3ms)[0m  ALTER TABLE "orders" ADD "listing_id" integer
  [1m[36mSQL (0.1ms)[0m  [1mINSERT INTO "schema_migrations" ("version") VALUES (?)[0m  [["version", "20140617021609"]]
  [1m[35m (0.7ms)[0m  commit transaction
Migrating to AddFieldsToOrder (20140617022024)
  [1m[36m (0.0ms)[0m  [1mbegin transaction[0m
  [1m[35m (0.3ms)[0m  ALTER TABLE "orders" ADD "buyer_id" integer
  [1m[36m (0.1ms)[0m  [1mALTER TABLE "orders" ADD "seller_id" integer[0m
  [1m[35mSQL (0.1ms)[0m  INSERT INTO "schema_migrations" ("version") VALUES (?)  [["version", "20140617022024"]]
  [1m[36m (0.6ms)[0m  [1mcommit transaction[0m
Migrating to CreateCarts (20140619054124)
  [1m[35m (0.0ms)[0m  begin transaction
  [1m[36m (0.3ms)[0m  [1mCREATE TABLE "carts" ("id" INTEGER PRIMARY KEY AUTOINCREMENT NOT NULL, "user_id" integer, "item_id" integer, "created_at" datetime, "updated_at" datetime) [0m
  [1m[35mSQL (0.1ms)[0m  INSERT INTO "schema_migrations" ("version") VALUES (?)  [["version", "20140619054124"]]
  [1m[36m (0.7ms)[0m  [1mcommit transaction[0m
  [1m[35mActiveRecord::SchemaMigration Load (0.1ms)[0m  SELECT "schema_migrations".* FROM "schema_migrations"
  [1m[36m (0.1ms)[0m  [1m            SELECT sql
            FROM sqlite_master
            WHERE name='index_users_on_reset_password_token' AND type='index'
            UNION ALL
            SELECT sql
            FROM sqlite_temp_master
            WHERE name='index_users_on_reset_password_token' AND type='index'
[0m
  [1m[35m (0.1ms)[0m              SELECT sql
            FROM sqlite_master
            WHERE name='index_users_on_email' AND type='index'
            UNION ALL
            SELECT sql
            FROM sqlite_temp_master
            WHERE name='index_users_on_email' AND type='index'



Started GET "/" for 127.0.0.1 at 2014-06-18 22:42:07 -0700
  [1m[36mActiveRecord::SchemaMigration Load (0.1ms)[0m  [1mSELECT "schema_migrations".* FROM "schema_migrations"[0m
Processing by ListingsController#index as HTML
  [1m[35mListing Load (0.1ms)[0m  SELECT "listings".* FROM "listings"   ORDER BY created_at DESC
  [1m[36mUser Load (0.2ms)[0m  [1mSELECT  "users".* FROM "users"  WHERE "users"."id" = 1  ORDER BY "users"."id" ASC LIMIT 1[0m
  Rendered listings/index.html.erb within layouts/application (9.7ms)
  Rendered layouts/_shim.html.erb (0.8ms)
  Rendered layouts/_header.html.erb (8.2ms)
  Rendered layouts/_footer.html.erb (0.9ms)
Completed 200 OK in 2665ms (Views: 2647.2ms | ActiveRecord: 0.5ms)


Started GET "/" for 127.0.0.1 at 2014-06-18 22:42:09 -0700
Processing by ListingsController#index as HTML
  [1m[35mListing Load (0.3ms)[0m  SELECT "listings".* FROM "listings"   ORDER BY created_at DESC
  [1m[36mUser Load (0.2ms)[0m  [1mSELECT  "users".* FROM "users"  WHERE "users"."id" = 1  ORDER BY "users"."id" ASC LIMIT 1[0m
  Rendered listings/index.html.erb within layouts/application (2.8ms)
  Rendered layouts/_shim.html.erb (0.1ms)
  Rendered layouts/_header.html.erb (0.8ms)
  Rendered layouts/_footer.html.erb (0.3ms)
Completed 200 OK in 30ms (Views: 28.4ms | ActiveRecord: 0.5ms)


Started GET "/" for 127.0.0.1 at 2014-06-18 22:42:09 -0700
Processing by ListingsController#index as HTML
  [1m[35mListing Load (0.2ms)[0m  SELECT "listings".* FROM "listings"   ORDER BY created_at DESC
  [1m[36mUser Load (0.2ms)[0m  [1mSELECT  "users".* FROM "users"  WHERE "users"."id" = 1  ORDER BY "users"."id" ASC LIMIT 1[0m
  Rendered listings/index.html.erb within layouts/application (2.1ms)
  Rendered layouts/_shim.html.erb (0.1ms)
  Rendered layouts/_header.html.erb (0.5ms)
  Rendered layouts/_footer.html.erb (0.2ms)
Completed 200 OK in 24ms (Views: 22.6ms | ActiveRecord: 0.4ms)


Started GET "/" for 127.0.0.1 at 2014-06-18 22:42:09 -0700
Processing by ListingsController#index as HTML
  [1m[35mListing Load (0.2ms)[0m  SELECT "listings".* FROM "listings"   ORDER BY created_at DESC
  Rendered listings/index.html.erb within layouts/application (3.6ms)
  Rendered layouts/_shim.html.erb (0.4ms)
  Rendered layouts/_header.html.erb (1.1ms)
  Rendered layouts/_footer.html.erb (0.5ms)
Completed 200 OK in 24ms (Views: 22.6ms | ActiveRecord: 0.2ms)


Started GET "/assets/listings.css?body=1" for 127.0.0.1 at 2014-06-18 22:42:09 -0700


Started GET "/assets/pages.css?body=1" for 127.0.0.1 at 2014-06-18 22:42:09 -0700


Started GET "/assets/custom.css?body=1" for 127.0.0.1 at 2014-06-18 22:42:09 -0700


Started GET "/assets/orders.css?body=1" for 127.0.0.1 at 2014-06-18 22:42:09 -0700


Started GET "/assets/jquery_ujs.js?body=1" for 127.0.0.1 at 2014-06-18 22:42:09 -0700


Started GET "/assets/scaffolds.css?body=1" for 127.0.0.1 at 2014-06-18 22:42:09 -0700


Started GET "/assets/jquery.js?body=1" for 127.0.0.1 at 2014-06-18 22:42:09 -0700


Started GET "/assets/application.css?body=1" for 127.0.0.1 at 2014-06-18 22:42:09 -0700


Started GET "/assets/bootstrap/affix.js?body=1" for 127.0.0.1 at 2014-06-18 22:42:09 -0700


Started GET "/assets/bootstrap/alert.js?body=1" for 127.0.0.1 at 2014-06-18 22:42:09 -0700


Started GET "/assets/bootstrap/button.js?body=1" for 127.0.0.1 at 2014-06-18 22:42:09 -0700


Started GET "/assets/bootstrap/carousel.js?body=1" for 127.0.0.1 at 2014-06-18 22:42:09 -0700


Started GET "/assets/bootstrap/collapse.js?body=1" for 127.0.0.1 at 2014-06-18 22:42:09 -0700


Started GET "/assets/bootstrap/dropdown.js?body=1" for 127.0.0.1 at 2014-06-18 22:42:09 -0700


Started GET "/assets/bootstrap/tab.js?body=1" for 127.0.0.1 at 2014-06-18 22:42:10 -0700


Started GET "/assets/bootstrap/transition.js?body=1" for 127.0.0.1 at 2014-06-18 22:42:10 -0700


Started GET "/assets/bootstrap/scrollspy.js?body=1" for 127.0.0.1 at 2014-06-18 22:42:10 -0700


Started GET "/assets/bootstrap/modal.js?body=1" for 127.0.0.1 at 2014-06-18 22:42:10 -0700


Started GET "/assets/bootstrap/tooltip.js?body=1" for 127.0.0.1 at 2014-06-18 22:42:10 -0700


Started GET "/assets/bootstrap/popover.js?body=1" for 127.0.0.1 at 2014-06-18 22:42:10 -0700


Started GET "/assets/bootstrap.js?body=1" for 127.0.0.1 at 2014-06-18 22:42:10 -0700


Started GET "/assets/turbolinks.js?body=1" for 127.0.0.1 at 2014-06-18 22:42:10 -0700


Started GET "/assets/carts.js?body=1" for 127.0.0.1 at 2014-06-18 22:42:10 -0700


Started GET "/assets/listings.js?body=1" for 127.0.0.1 at 2014-06-18 22:42:10 -0700


Started GET "/assets/orders.js?body=1" for 127.0.0.1 at 2014-06-18 22:42:10 -0700


Started GET "/assets/pages.js?body=1" for 127.0.0.1 at 2014-06-18 22:42:10 -0700


Started GET "/assets/application.js?body=1" for 127.0.0.1 at 2014-06-18 22:42:10 -0700
  [1m[36mActiveRecord::SchemaMigration Load (0.1ms)[0m  [1mSELECT "schema_migrations".* FROM "schema_migrations"[0m
Migrating to CreateItems (20140619064450)
  [1m[35m (0.1ms)[0m  begin transaction
  [1m[36m (0.4ms)[0m  [1mCREATE TABLE "items" ("id" INTEGER PRIMARY KEY AUTOINCREMENT NOT NULL, "cart_id" integer, "list_id" integer, "total" decimal, "created_at" datetime, "updated_at" datetime) [0m
  [1m[35mSQL (0.2ms)[0m  INSERT INTO "schema_migrations" ("version") VALUES (?)  [["version", "20140619064450"]]
  [1m[36m (0.5ms)[0m  [1mcommit transaction[0m
  [1m[35mActiveRecord::SchemaMigration Load (0.1ms)[0m  SELECT "schema_migrations".* FROM "schema_migrations"
  [1m[36m (0.2ms)[0m  [1m            SELECT sql
            FROM sqlite_master
            WHERE name='index_users_on_reset_password_token' AND type='index'
            UNION ALL
            SELECT sql
            FROM sqlite_temp_master
            WHERE name='index_users_on_reset_password_token' AND type='index'
[0m
  [1m[35m (0.1ms)[0m              SELECT sql
            FROM sqlite_master
            WHERE name='index_users_on_email' AND type='index'
            UNION ALL
            SELECT sql
            FROM sqlite_temp_master
            WHERE name='index_users_on_email' AND type='index'

  [1m[36mActiveRecord::SchemaMigration Load (0.1ms)[0m  [1mSELECT "schema_migrations".* FROM "schema_migrations"[0m
  [1m[35mActiveRecord::SchemaMigration Load (0.1ms)[0m  SELECT "schema_migrations".* FROM "schema_migrations"
Migrating to CreateItems (20140619064450)
  [1m[36m (0.0ms)[0m  [1mbegin transaction[0m
  [1m[35m (0.3ms)[0m  DROP TABLE "items"
  [1m[36mSQL (0.1ms)[0m  [1mDELETE FROM "schema_migrations" WHERE "schema_migrations"."version" = '20140619064450'[0m
  [1m[35m (0.7ms)[0m  commit transaction
  [1m[36mActiveRecord::SchemaMigration Load (0.1ms)[0m  [1mSELECT "schema_migrations".* FROM "schema_migrations"[0m
  [1m[35m (0.1ms)[0m              SELECT sql
            FROM sqlite_master
            WHERE name='index_users_on_reset_password_token' AND type='index'
            UNION ALL
            SELECT sql
            FROM sqlite_temp_master
            WHERE name='index_users_on_reset_password_token' AND type='index'

  [1m[36m (0.1ms)[0m  [1m            SELECT sql
            FROM sqlite_master
            WHERE name='index_users_on_email' AND type='index'
            UNION ALL
            SELECT sql
            FROM sqlite_temp_master
            WHERE name='index_users_on_email' AND type='index'
[0m
  [1m[36mActiveRecord::SchemaMigration Load (0.1ms)[0m  [1mSELECT "schema_migrations".* FROM "schema_migrations"[0m
Migrating to CreateItems (20140619064450)
  [1m[35m (0.1ms)[0m  begin transaction
  [1m[36m (0.4ms)[0m  [1mCREATE TABLE "items" ("id" INTEGER PRIMARY KEY AUTOINCREMENT NOT NULL, "cart_id" integer, "listing_id" integer, "total" decimal, "created_at" datetime, "updated_at" datetime) [0m
  [1m[35mSQL (0.1ms)[0m  INSERT INTO "schema_migrations" ("version") VALUES (?)  [["version", "20140619064450"]]
  [1m[36m (8.8ms)[0m  [1mcommit transaction[0m
  [1m[35mActiveRecord::SchemaMigration Load (0.1ms)[0m  SELECT "schema_migrations".* FROM "schema_migrations"
  [1m[36m (0.1ms)[0m  [1m            SELECT sql
            FROM sqlite_master
            WHERE name='index_users_on_reset_password_token' AND type='index'
            UNION ALL
            SELECT sql
            FROM sqlite_temp_master
            WHERE name='index_users_on_reset_password_token' AND type='index'
[0m
  [1m[35m (0.1ms)[0m              SELECT sql
            FROM sqlite_master
            WHERE name='index_users_on_email' AND type='index'
            UNION ALL
            SELECT sql
            FROM sqlite_temp_master
            WHERE name='index_users_on_email' AND type='index'



Started GET "/" for 127.0.0.1 at 2014-06-19 01:00:24 -0700
  [1m[36mActiveRecord::SchemaMigration Load (0.1ms)[0m  [1mSELECT "schema_migrations".* FROM "schema_migrations"[0m
Processing by ListingsController#index as HTML
  [1m[35mListing Load (0.2ms)[0m  SELECT "listings".* FROM "listings"   ORDER BY created_at DESC
  Rendered listings/index.html.erb within layouts/application (1.1ms)
  Rendered layouts/_shim.html.erb (0.2ms)
  Rendered layouts/_header.html.erb (0.7ms)
  Rendered layouts/_footer.html.erb (0.4ms)
Completed 200 OK in 231ms (Views: 220.2ms | ActiveRecord: 0.2ms)


Started GET "/assets/items.js?body=1" for 127.0.0.1 at 2014-06-19 01:00:24 -0700


Started GET "/assets/items.css?body=1" for 127.0.0.1 at 2014-06-19 01:00:24 -0700


Started GET "/assets/custom.css?body=1" for 127.0.0.1 at 2014-06-19 01:00:24 -0700


Started GET "/assets/listings.css?body=1" for 127.0.0.1 at 2014-06-19 01:00:24 -0700


Started GET "/assets/orders.css?body=1" for 127.0.0.1 at 2014-06-19 01:00:24 -0700


Started GET "/assets/pages.css?body=1" for 127.0.0.1 at 2014-06-19 01:00:24 -0700


Started GET "/assets/application.css?body=1" for 127.0.0.1 at 2014-06-19 01:00:24 -0700


Started GET "/assets/jquery_ujs.js?body=1" for 127.0.0.1 at 2014-06-19 01:00:24 -0700


Started GET "/assets/bootstrap/affix.js?body=1" for 127.0.0.1 at 2014-06-19 01:00:24 -0700


Started GET "/assets/bootstrap/alert.js?body=1" for 127.0.0.1 at 2014-06-19 01:00:24 -0700


Started GET "/assets/bootstrap/button.js?body=1" for 127.0.0.1 at 2014-06-19 01:00:24 -0700


Started GET "/assets/bootstrap/carousel.js?body=1" for 127.0.0.1 at 2014-06-19 01:00:24 -0700


Started GET "/assets/jquery.js?body=1" for 127.0.0.1 at 2014-06-19 01:00:24 -0700


Started GET "/assets/bootstrap/collapse.js?body=1" for 127.0.0.1 at 2014-06-19 01:00:24 -0700


Started GET "/assets/bootstrap/dropdown.js?body=1" for 127.0.0.1 at 2014-06-19 01:00:24 -0700


Started GET "/assets/bootstrap/tab.js?body=1" for 127.0.0.1 at 2014-06-19 01:00:24 -0700


Started GET "/assets/bootstrap/transition.js?body=1" for 127.0.0.1 at 2014-06-19 01:00:24 -0700


Started GET "/assets/bootstrap/popover.js?body=1" for 127.0.0.1 at 2014-06-19 01:00:24 -0700


Started GET "/assets/bootstrap/scrollspy.js?body=1" for 127.0.0.1 at 2014-06-19 01:00:24 -0700


Started GET "/assets/bootstrap.js?body=1" for 127.0.0.1 at 2014-06-19 01:00:24 -0700


Started GET "/assets/bootstrap/tooltip.js?body=1" for 127.0.0.1 at 2014-06-19 01:00:24 -0700


Started GET "/assets/bootstrap/modal.js?body=1" for 127.0.0.1 at 2014-06-19 01:00:24 -0700


Started GET "/assets/turbolinks.js?body=1" for 127.0.0.1 at 2014-06-19 01:00:24 -0700


Started GET "/assets/carts.js?body=1" for 127.0.0.1 at 2014-06-19 01:00:24 -0700


Started GET "/assets/listings.js?body=1" for 127.0.0.1 at 2014-06-19 01:00:24 -0700


Started GET "/assets/orders.js?body=1" for 127.0.0.1 at 2014-06-19 01:00:24 -0700


Started GET "/assets/pages.js?body=1" for 127.0.0.1 at 2014-06-19 01:00:24 -0700


Started GET "/assets/application.js?body=1" for 127.0.0.1 at 2014-06-19 01:00:24 -0700


Started GET "/carts/show" for 127.0.0.1 at 2014-06-19 01:00:35 -0700
Processing by CartsController#show as HTML
  Parameters: {"id"=>"show"}
  [1m[36mCart Load (0.2ms)[0m  [1mSELECT  "carts".* FROM "carts"  WHERE "carts"."id" = ? LIMIT 1[0m  [["id", 0]]
Completed 404 Not Found in 8ms

ActiveRecord::RecordNotFound (Couldn't find Cart with 'id'=show):
  app/controllers/carts_controller.rb:66:in `set_cart'


  Rendered /Users/Sam/.rvm/gems/ruby-2.1.1@global/gems/actionpack-4.1.0/lib/action_dispatch/middleware/templates/rescues/_source.erb (0.7ms)
  Rendered /Users/Sam/.rvm/gems/ruby-2.1.1@global/gems/actionpack-4.1.0/lib/action_dispatch/middleware/templates/rescues/_trace.html.erb (1.4ms)
  Rendered /Users/Sam/.rvm/gems/ruby-2.1.1@global/gems/actionpack-4.1.0/lib/action_dispatch/middleware/templates/rescues/_request_and_response.html.erb (0.8ms)
  Rendered /Users/Sam/.rvm/gems/ruby-2.1.1@global/gems/actionpack-4.1.0/lib/action_dispatch/middleware/templates/rescues/diagnostics.erb within rescues/layout (17.8ms)


Started GET "/" for 127.0.0.1 at 2014-06-19 01:00:46 -0700
Processing by ListingsController#index as HTML
  [1m[35mListing Load (0.3ms)[0m  SELECT "listings".* FROM "listings"   ORDER BY created_at DESC
  Rendered listings/index.html.erb within layouts/application (1.3ms)
  Rendered layouts/_shim.html.erb (0.1ms)
  Rendered layouts/_header.html.erb (0.5ms)
  Rendered layouts/_footer.html.erb (0.3ms)
Completed 200 OK in 20ms (Views: 18.6ms | ActiveRecord: 0.2ms)


Started GET "/assets/custom.css?body=1" for 127.0.0.1 at 2014-06-19 01:00:46 -0700


Started GET "/assets/jquery.js?body=1" for 127.0.0.1 at 2014-06-19 01:00:46 -0700


Started GET "/assets/pages.css?body=1" for 127.0.0.1 at 2014-06-19 01:00:46 -0700


Started GET "/assets/listings.css?body=1" for 127.0.0.1 at 2014-06-19 01:00:46 -0700


Started GET "/assets/orders.css?body=1" for 127.0.0.1 at 2014-06-19 01:00:46 -0700


Started GET "/assets/application.css?body=1" for 127.0.0.1 at 2014-06-19 01:00:46 -0700


Started GET "/assets/jquery_ujs.js?body=1" for 127.0.0.1 at 2014-06-19 01:00:46 -0700


Started GET "/assets/bootstrap/affix.js?body=1" for 127.0.0.1 at 2014-06-19 01:00:46 -0700


Started GET "/assets/bootstrap/alert.js?body=1" for 127.0.0.1 at 2014-06-19 01:00:46 -0700


Started GET "/assets/bootstrap/button.js?body=1" for 127.0.0.1 at 2014-06-19 01:00:46 -0700


Started GET "/assets/bootstrap/carousel.js?body=1" for 127.0.0.1 at 2014-06-19 01:00:46 -0700


Started GET "/assets/bootstrap/tab.js?body=1" for 127.0.0.1 at 2014-06-19 01:00:46 -0700


Started GET "/assets/bootstrap/collapse.js?body=1" for 127.0.0.1 at 2014-06-19 01:00:46 -0700


Started GET "/assets/bootstrap/dropdown.js?body=1" for 127.0.0.1 at 2014-06-19 01:00:46 -0700


Started GET "/assets/bootstrap/transition.js?body=1" for 127.0.0.1 at 2014-06-19 01:00:46 -0700


Started GET "/assets/bootstrap/scrollspy.js?body=1" for 127.0.0.1 at 2014-06-19 01:00:46 -0700


Started GET "/assets/bootstrap/modal.js?body=1" for 127.0.0.1 at 2014-06-19 01:00:46 -0700


Started GET "/assets/bootstrap/tooltip.js?body=1" for 127.0.0.1 at 2014-06-19 01:00:46 -0700


Started GET "/assets/bootstrap/popover.js?body=1" for 127.0.0.1 at 2014-06-19 01:00:46 -0700


Started GET "/assets/bootstrap.js?body=1" for 127.0.0.1 at 2014-06-19 01:00:46 -0700


Started GET "/assets/carts.js?body=1" for 127.0.0.1 at 2014-06-19 01:00:46 -0700


Started GET "/assets/turbolinks.js?body=1" for 127.0.0.1 at 2014-06-19 01:00:46 -0700


Started GET "/assets/listings.js?body=1" for 127.0.0.1 at 2014-06-19 01:00:46 -0700


Started GET "/assets/orders.js?body=1" for 127.0.0.1 at 2014-06-19 01:00:46 -0700


Started GET "/assets/pages.js?body=1" for 127.0.0.1 at 2014-06-19 01:00:46 -0700


Started GET "/assets/application.js?body=1" for 127.0.0.1 at 2014-06-19 01:00:46 -0700
  [1m[36mActiveRecord::SchemaMigration Load (0.1ms)[0m  [1mSELECT "schema_migrations".* FROM "schema_migrations"[0m
  [1m[35mActiveRecord::SchemaMigration Load (0.1ms)[0m  SELECT "schema_migrations".* FROM "schema_migrations"
Migrating to CreateItems (20140619064450)
  [1m[36m (0.1ms)[0m  [1mbegin transaction[0m
  [1m[35m (0.4ms)[0m  DROP TABLE "items"
  [1m[36mSQL (0.1ms)[0m  [1mDELETE FROM "schema_migrations" WHERE "schema_migrations"."version" = '20140619064450'[0m
  [1m[35m (8.9ms)[0m  commit transaction
  [1m[36mActiveRecord::SchemaMigration Load (0.1ms)[0m  [1mSELECT "schema_migrations".* FROM "schema_migrations"[0m
  [1m[35m (0.1ms)[0m              SELECT sql
            FROM sqlite_master
            WHERE name='index_users_on_reset_password_token' AND type='index'
            UNION ALL
            SELECT sql
            FROM sqlite_temp_master
            WHERE name='index_users_on_reset_password_token' AND type='index'

  [1m[36m (0.1ms)[0m  [1m            SELECT sql
            FROM sqlite_master
            WHERE name='index_users_on_email' AND type='index'
            UNION ALL
            SELECT sql
            FROM sqlite_temp_master
            WHERE name='index_users_on_email' AND type='index'
[0m
  [1m[36mActiveRecord::SchemaMigration Load (0.1ms)[0m  [1mSELECT "schema_migrations".* FROM "schema_migrations"[0m
  [1m[35mActiveRecord::SchemaMigration Load (0.1ms)[0m  SELECT "schema_migrations".* FROM "schema_migrations"
Migrating to CreateCarts (20140619054124)
  [1m[36m (0.1ms)[0m  [1mbegin transaction[0m
  [1m[35m (0.4ms)[0m  DROP TABLE "carts"
  [1m[36mSQL (0.1ms)[0m  [1mDELETE FROM "schema_migrations" WHERE "schema_migrations"."version" = '20140619054124'[0m
  [1m[35m (8.2ms)[0m  commit transaction
  [1m[36mActiveRecord::SchemaMigration Load (0.1ms)[0m  [1mSELECT "schema_migrations".* FROM "schema_migrations"[0m
  [1m[35m (0.1ms)[0m              SELECT sql
            FROM sqlite_master
            WHERE name='index_users_on_reset_password_token' AND type='index'
            UNION ALL
            SELECT sql
            FROM sqlite_temp_master
            WHERE name='index_users_on_reset_password_token' AND type='index'

  [1m[36m (0.1ms)[0m  [1m            SELECT sql
            FROM sqlite_master
            WHERE name='index_users_on_email' AND type='index'
            UNION ALL
            SELECT sql
            FROM sqlite_temp_master
            WHERE name='index_users_on_email' AND type='index'
[0m
  [1m[36m (0.1ms)[0m  [1mSELECT version FROM schema_migrations[0m
